app/build/intermediates/manifest_merge_blame_file/release/processReleaseMainManifest/manifest-merger-blame-release-report.txt
1<?xml version="1.0" encoding="utf-8"?>
2<manifest xmlns:android="http://schemas.android.com/apk/res/android"
3    package="com.example.navigram.NaviGram"
4    android:versionCode="1"
5    android:versionName="1.01.0" >
6
7    <uses-sdk
8        android:minSdkVersion="27"
9        android:targetSdkVersion="35" />
10
11    <uses-feature
11-->src\main\AndroidManifest.xml:5:5-7:36
12        android:name="android.hardware.camera"
12-->src\main\AndroidManifest.xml:6:9-47
13        android:required="false" />
13-->src\main\AndroidManifest.xml:7:9-33
14
15    <uses-permission android:name="android.permission.ACCESS_NETWORK_STATE" />
15-->src\main\AndroidManifest.xml:9:5-79
15-->src\main\AndroidManifest.xml:9:22-76
16    <uses-permission android:name="android.permission.INTERNET" />
16-->src\main\AndroidManifest.xml:10:5-67
16-->src\main\AndroidManifest.xml:10:22-64
17    <uses-permission android:name="android.permission.CAMERA" />
17-->src\main\AndroidManifest.xml:11:5-65
17-->src\main\AndroidManifest.xml:11:22-62
18    <uses-permission android:name="android.permission.ACCESS_FINE_LOCATION" />
18-->src\main\AndroidManifest.xml:12:5-79
18-->src\main\AndroidManifest.xml:12:22-76
19    <uses-permission android:name="android.permission.ACCESS_COARSE_LOCATION" />
19-->src\main\AndroidManifest.xml:13:5-81
19-->src\main\AndroidManifest.xml:13:22-78
20    <uses-permission android:name="android.permission.WRITE_EXTERNAL_STORAGE" />
20-->src\main\AndroidManifest.xml:14:5-81
20-->src\main\AndroidManifest.xml:14:22-78
21    <uses-permission android:name="android.permission.READ_EXTERNAL_STORAGE" />
21-->src\main\AndroidManifest.xml:15:5-80
21-->src\main\AndroidManifest.xml:15:22-77
22
23    <uses-feature
23-->[com.google.android.gms:play-services-maps:19.1.0] AndroidManifest.xml:22:5-24:33
24        android:glEsVersion="0x00020000"
24-->[com.google.android.gms:play-services-maps:19.1.0] AndroidManifest.xml:23:8-40
25        android:required="true" />
25-->[com.google.android.gms:play-services-maps:19.1.0] AndroidManifest.xml:24:8-31
26
27    <queries>
27-->[com.google.android.gms:play-services-maps:19.1.0] AndroidManifest.xml:27:5-30:15
28
29        <!-- Needs to be explicitly declared on Android R+ -->
30        <package android:name="com.google.android.apps.maps" />
30-->[com.google.android.gms:play-services-maps:19.1.0] AndroidManifest.xml:29:7-61
30-->[com.google.android.gms:play-services-maps:19.1.0] AndroidManifest.xml:29:16-59
31    </queries>
32
33    <uses-permission android:name="android.permission.WAKE_LOCK" />
33-->[androidx.work:work-runtime:2.7.1] AndroidManifest.xml:25:5-68
33-->[androidx.work:work-runtime:2.7.1] AndroidManifest.xml:25:22-65
34    <uses-permission android:name="android.permission.RECEIVE_BOOT_COMPLETED" />
34-->[androidx.work:work-runtime:2.7.1] AndroidManifest.xml:27:5-81
34-->[androidx.work:work-runtime:2.7.1] AndroidManifest.xml:27:22-78
35    <uses-permission android:name="android.permission.FOREGROUND_SERVICE" />
35-->[androidx.work:work-runtime:2.7.1] AndroidManifest.xml:28:5-77
35-->[androidx.work:work-runtime:2.7.1] AndroidManifest.xml:28:22-74
36
37    <permission
37-->[androidx.core:core:1.15.0] AndroidManifest.xml:22:5-24:47
38        android:name="com.example.navigram.NaviGram.DYNAMIC_RECEIVER_NOT_EXPORTED_PERMISSION"
38-->[androidx.core:core:1.15.0] AndroidManifest.xml:23:9-81
39        android:protectionLevel="signature" />
39-->[androidx.core:core:1.15.0] AndroidManifest.xml:24:9-44
40
41    <uses-permission android:name="com.example.navigram.NaviGram.DYNAMIC_RECEIVER_NOT_EXPORTED_PERMISSION" />
41-->[androidx.core:core:1.15.0] AndroidManifest.xml:26:5-97
41-->[androidx.core:core:1.15.0] AndroidManifest.xml:26:22-94
42
43    <supports-screens
43-->[org.osmdroid:osmdroid-android:6.1.18] AndroidManifest.xml:9:5-12:40
44        android:anyDensity="true"
44-->[org.osmdroid:osmdroid-android:6.1.18] AndroidManifest.xml:10:9-34
45        android:largeScreens="true"
45-->[org.osmdroid:osmdroid-android:6.1.18] AndroidManifest.xml:11:9-36
46        android:normalScreens="true" />
46-->[org.osmdroid:osmdroid-android:6.1.18] AndroidManifest.xml:12:9-37
47
48    <uses-feature
48-->[org.osmdroid:osmdroid-android:6.1.18] AndroidManifest.xml:14:5-16:36
49        android:name="android.hardware.location.network"
49-->[org.osmdroid:osmdroid-android:6.1.18] AndroidManifest.xml:15:9-57
50        android:required="false" />
50-->[org.osmdroid:osmdroid-android:6.1.18] AndroidManifest.xml:16:9-33
51    <uses-feature
51-->[org.osmdroid:osmdroid-android:6.1.18] AndroidManifest.xml:17:5-19:36
52        android:name="android.hardware.location.gps"
52-->[org.osmdroid:osmdroid-android:6.1.18] AndroidManifest.xml:18:9-53
53        android:required="false" />
53-->[org.osmdroid:osmdroid-android:6.1.18] AndroidManifest.xml:19:9-33
54    <uses-feature
54-->[org.osmdroid:osmdroid-android:6.1.18] AndroidManifest.xml:20:5-22:36
55        android:name="android.hardware.telephony"
55-->[org.osmdroid:osmdroid-android:6.1.18] AndroidManifest.xml:21:9-50
56        android:required="false" />
56-->[org.osmdroid:osmdroid-android:6.1.18] AndroidManifest.xml:22:9-33
57    <uses-feature
57-->[org.osmdroid:osmdroid-android:6.1.18] AndroidManifest.xml:23:5-25:36
58        android:name="android.hardware.wifi"
58-->[org.osmdroid:osmdroid-android:6.1.18] AndroidManifest.xml:24:9-45
59        android:required="false" />
59-->[org.osmdroid:osmdroid-android:6.1.18] AndroidManifest.xml:25:9-33
60
61    <application
61-->src\main\AndroidManifest.xml:17:5-72:19
62        android:name="com.example.navigram.NavigramApplication"
62-->src\main\AndroidManifest.xml:18:9-64
63        android:allowBackup="true"
63-->src\main\AndroidManifest.xml:19:9-35
64        android:appComponentFactory="androidx.core.app.CoreComponentFactory"
64-->[androidx.core:core:1.15.0] AndroidManifest.xml:28:18-86
65        android:dataExtractionRules="@xml/data_extraction_rules"
65-->src\main\AndroidManifest.xml:20:9-65
66        android:extractNativeLibs="false"
67        android:fullBackupContent="@xml/backup_rules"
67-->src\main\AndroidManifest.xml:21:9-54
68        android:icon="@drawable/navigramlogo"
68-->src\main\AndroidManifest.xml:22:9-46
69        android:label="@string/app_name"
69-->src\main\AndroidManifest.xml:23:9-41
70        android:networkSecurityConfig="@xml/network_security_config"
70-->src\main\AndroidManifest.xml:27:9-69
71        android:roundIcon="@drawable/navigramlogo"
71-->src\main\AndroidManifest.xml:24:9-51
72        android:supportsRtl="true"
72-->src\main\AndroidManifest.xml:25:9-35
73        android:theme="@style/Theme.Navigram"
73-->src\main\AndroidManifest.xml:26:9-46
74        android:usesCleartextTraffic="true" >
74-->src\main\AndroidManifest.xml:28:9-44
75        <activity
75-->src\main\AndroidManifest.xml:30:9-34:81
76            android:name="com.example.navigram.ui.CreateMemoryActivity"
76-->src\main\AndroidManifest.xml:31:13-52
77            android:exported="false"
77-->src\main\AndroidManifest.xml:32:13-37
78            android:label="Create Memory"
78-->src\main\AndroidManifest.xml:33:13-42
79            android:theme="@style/Theme.MaterialComponents.Light.NoActionBar" />
79-->src\main\AndroidManifest.xml:34:13-78
80        <activity
80-->src\main\AndroidManifest.xml:35:9-37:40
81            android:name="com.example.navigram.ui.ui.Navigation"
81-->src\main\AndroidManifest.xml:36:13-45
82            android:exported="false" />
82-->src\main\AndroidManifest.xml:37:13-37
83        <activity
83-->src\main\AndroidManifest.xml:38:9-40:40
84            android:name="com.example.navigram.ui.ui.Gallery"
84-->src\main\AndroidManifest.xml:39:13-42
85            android:exported="false" />
85-->src\main\AndroidManifest.xml:40:13-37
86        <activity
86-->src\main\AndroidManifest.xml:41:9-44:64
87            android:name="com.example.navigram.ui.Dashboard"
87-->src\main\AndroidManifest.xml:42:13-41
88            android:exported="false"
88-->src\main\AndroidManifest.xml:43:13-37
89            android:label="@string/title_activity_dashboard" />
89-->src\main\AndroidManifest.xml:44:13-61
90        <activity
90-->src\main\AndroidManifest.xml:45:9-48:54
91            android:name="com.example.navigram.ui.CameraCapture"
91-->src\main\AndroidManifest.xml:46:13-45
92            android:configChanges="orientation|screenSize|screenLayout"
92-->src\main\AndroidManifest.xml:47:13-72
93            android:screenOrientation="fullSensor" />
93-->src\main\AndroidManifest.xml:48:13-51
94        <activity
94-->src\main\AndroidManifest.xml:49:9-51:40
95            android:name="com.example.navigram.ui.dashboard"
95-->src\main\AndroidManifest.xml:50:13-41
96            android:exported="false" />
96-->src\main\AndroidManifest.xml:51:13-37
97        <activity
97-->src\main\AndroidManifest.xml:52:9-54:40
98            android:name="com.example.navigram.ui.SignUp"
98-->src\main\AndroidManifest.xml:53:13-38
99            android:exported="false" />
99-->src\main\AndroidManifest.xml:54:13-37
100        <activity
100-->src\main\AndroidManifest.xml:55:9-58:64
101            android:name="com.example.navigram.Dashboard"
101-->src\main\AndroidManifest.xml:56:13-38
102            android:exported="false"
102-->src\main\AndroidManifest.xml:57:13-37
103            android:label="@string/title_activity_dashboard" />
103-->src\main\AndroidManifest.xml:58:13-61
104        <activity
104-->src\main\AndroidManifest.xml:59:9-62:60
105            android:name="com.example.navigram.ui.login.LoginActivity"
105-->src\main\AndroidManifest.xml:60:13-51
106            android:exported="true"
106-->src\main\AndroidManifest.xml:61:13-36
107            android:label="@string/title_activity_login" />
107-->src\main\AndroidManifest.xml:62:13-57
108        <activity
108-->src\main\AndroidManifest.xml:63:9-71:20
109            android:name="com.example.navigram.MainActivity"
109-->src\main\AndroidManifest.xml:64:13-41
110            android:exported="true" >
110-->src\main\AndroidManifest.xml:65:13-36
111            <intent-filter>
111-->src\main\AndroidManifest.xml:66:13-70:29
112                <action android:name="android.intent.action.MAIN" />
112-->src\main\AndroidManifest.xml:67:17-69
112-->src\main\AndroidManifest.xml:67:25-66
113
114                <category android:name="android.intent.category.LAUNCHER" />
114-->src\main\AndroidManifest.xml:69:17-77
114-->src\main\AndroidManifest.xml:69:27-74
115            </intent-filter>
116        </activity>
117        <activity
117-->[com.cloudinary:cloudinary-android-ui:2.3.1] AndroidManifest.xml:10:9-13:56
118            android:name="com.cloudinary.android.uploadwidget.ui.UploadWidgetActivity"
118-->[com.cloudinary:cloudinary-android-ui:2.3.1] AndroidManifest.xml:11:13-87
119            android:configChanges="orientation"
119-->[com.cloudinary:cloudinary-android-ui:2.3.1] AndroidManifest.xml:12:13-48
120            android:theme="@style/UploadWidgetTheme" />
120-->[com.cloudinary:cloudinary-android-ui:2.3.1] AndroidManifest.xml:13:13-53
121
122        <service
122-->[androidx.camera:camera-camera2:1.4.2] AndroidManifest.xml:24:9-33:19
123            android:name="androidx.camera.core.impl.MetadataHolderService"
123-->[androidx.camera:camera-camera2:1.4.2] AndroidManifest.xml:25:13-75
124            android:enabled="false"
124-->[androidx.camera:camera-camera2:1.4.2] AndroidManifest.xml:26:13-36
125            android:exported="false" >
125-->[androidx.camera:camera-camera2:1.4.2] AndroidManifest.xml:27:13-37
126            <meta-data
126-->[androidx.camera:camera-camera2:1.4.2] AndroidManifest.xml:30:13-32:89
127                android:name="androidx.camera.core.impl.MetadataHolderService.DEFAULT_CONFIG_PROVIDER"
127-->[androidx.camera:camera-camera2:1.4.2] AndroidManifest.xml:31:17-103
128                android:value="androidx.camera.camera2.Camera2Config$DefaultProvider" />
128-->[androidx.camera:camera-camera2:1.4.2] AndroidManifest.xml:32:17-86
129        </service> <!-- Needs to be explicitly declared on P+ -->
130        <uses-library
130-->[com.google.android.gms:play-services-maps:19.1.0] AndroidManifest.xml:33:7-86
131            android:name="org.apache.http.legacy"
131-->[com.google.android.gms:play-services-maps:19.1.0] AndroidManifest.xml:33:21-58
132            android:required="false" />
132-->[com.google.android.gms:play-services-maps:19.1.0] AndroidManifest.xml:33:59-83
133
134        <activity
134-->[com.google.android.gms:play-services-auth:20.7.0] AndroidManifest.xml:23:9-27:75
135            android:name="com.google.android.gms.auth.api.signin.internal.SignInHubActivity"
135-->[com.google.android.gms:play-services-auth:20.7.0] AndroidManifest.xml:24:13-93
136            android:excludeFromRecents="true"
136-->[com.google.android.gms:play-services-auth:20.7.0] AndroidManifest.xml:25:13-46
137            android:exported="false"
137-->[com.google.android.gms:play-services-auth:20.7.0] AndroidManifest.xml:26:13-37
138            android:theme="@android:style/Theme.Translucent.NoTitleBar" />
138-->[com.google.android.gms:play-services-auth:20.7.0] AndroidManifest.xml:27:13-72
139        <!--
140            Service handling Google Sign-In user revocation. For apps that do not integrate with
141            Google Sign-In, this service will never be started.
142        -->
143        <service
143-->[com.google.android.gms:play-services-auth:20.7.0] AndroidManifest.xml:33:9-37:51
144            android:name="com.google.android.gms.auth.api.signin.RevocationBoundService"
144-->[com.google.android.gms:play-services-auth:20.7.0] AndroidManifest.xml:34:13-89
145            android:exported="true"
145-->[com.google.android.gms:play-services-auth:20.7.0] AndroidManifest.xml:35:13-36
146            android:permission="com.google.android.gms.auth.api.signin.permission.REVOCATION_NOTIFICATION"
146-->[com.google.android.gms:play-services-auth:20.7.0] AndroidManifest.xml:36:13-107
147            android:visibleToInstantApps="true" />
147-->[com.google.android.gms:play-services-auth:20.7.0] AndroidManifest.xml:37:13-48
148
149        <activity
149-->[com.google.android.gms:play-services-base:18.5.0] AndroidManifest.xml:5:9-173
150            android:name="com.google.android.gms.common.api.GoogleApiActivity"
150-->[com.google.android.gms:play-services-base:18.5.0] AndroidManifest.xml:5:19-85
151            android:exported="false"
151-->[com.google.android.gms:play-services-base:18.5.0] AndroidManifest.xml:5:146-170
152            android:theme="@android:style/Theme.Translucent.NoTitleBar" />
152-->[com.google.android.gms:play-services-base:18.5.0] AndroidManifest.xml:5:86-145
153
154        <meta-data
154-->[com.google.android.gms:play-services-basement:18.4.0] AndroidManifest.xml:6:9-122
155            android:name="com.google.android.gms.version"
155-->[com.google.android.gms:play-services-basement:18.4.0] AndroidManifest.xml:6:20-65
156            android:value="@integer/google_play_services_version" />
156-->[com.google.android.gms:play-services-basement:18.4.0] AndroidManifest.xml:6:66-119
157
158        <provider
158-->[androidx.emoji2:emoji2:1.3.0] AndroidManifest.xml:24:9-32:20
159            android:name="androidx.startup.InitializationProvider"
159-->[androidx.emoji2:emoji2:1.3.0] AndroidManifest.xml:25:13-67
160            android:authorities="com.example.navigram.NaviGram.androidx-startup"
160-->[androidx.emoji2:emoji2:1.3.0] AndroidManifest.xml:26:13-68
161            android:exported="false" >
161-->[androidx.emoji2:emoji2:1.3.0] AndroidManifest.xml:27:13-37
162            <meta-data
162-->[androidx.emoji2:emoji2:1.3.0] AndroidManifest.xml:29:13-31:52
163                android:name="androidx.emoji2.text.EmojiCompatInitializer"
163-->[androidx.emoji2:emoji2:1.3.0] AndroidManifest.xml:30:17-75
164                android:value="androidx.startup" />
164-->[androidx.emoji2:emoji2:1.3.0] AndroidManifest.xml:31:17-49
165            <meta-data
165-->[androidx.work:work-runtime:2.7.1] AndroidManifest.xml:36:13-38:52
166                android:name="androidx.work.WorkManagerInitializer"
166-->[androidx.work:work-runtime:2.7.1] AndroidManifest.xml:37:17-68
167                android:value="androidx.startup" />
167-->[androidx.work:work-runtime:2.7.1] AndroidManifest.xml:38:17-49
168            <meta-data
168-->[androidx.lifecycle:lifecycle-process:2.8.7] AndroidManifest.xml:29:13-31:52
169                android:name="androidx.lifecycle.ProcessLifecycleInitializer"
169-->[androidx.lifecycle:lifecycle-process:2.8.7] AndroidManifest.xml:30:17-78
170                android:value="androidx.startup" />
170-->[androidx.lifecycle:lifecycle-process:2.8.7] AndroidManifest.xml:31:17-49
171            <meta-data
171-->[androidx.profileinstaller:profileinstaller:1.4.0] AndroidManifest.xml:29:13-31:52
172                android:name="androidx.profileinstaller.ProfileInstallerInitializer"
172-->[androidx.profileinstaller:profileinstaller:1.4.0] AndroidManifest.xml:30:17-85
173                android:value="androidx.startup" />
173-->[androidx.profileinstaller:profileinstaller:1.4.0] AndroidManifest.xml:31:17-49
174        </provider>
175
176        <service
176-->[androidx.work:work-runtime:2.7.1] AndroidManifest.xml:41:9-46:35
177            android:name="androidx.work.impl.background.systemalarm.SystemAlarmService"
177-->[androidx.work:work-runtime:2.7.1] AndroidManifest.xml:42:13-88
178            android:directBootAware="false"
178-->[androidx.work:work-runtime:2.7.1] AndroidManifest.xml:43:13-44
179            android:enabled="@bool/enable_system_alarm_service_default"
179-->[androidx.work:work-runtime:2.7.1] AndroidManifest.xml:44:13-72
180            android:exported="false" />
180-->[androidx.work:work-runtime:2.7.1] AndroidManifest.xml:45:13-37
181        <service
181-->[androidx.work:work-runtime:2.7.1] AndroidManifest.xml:47:9-53:35
182            android:name="androidx.work.impl.background.systemjob.SystemJobService"
182-->[androidx.work:work-runtime:2.7.1] AndroidManifest.xml:48:13-84
183            android:directBootAware="false"
183-->[androidx.work:work-runtime:2.7.1] AndroidManifest.xml:49:13-44
184            android:enabled="@bool/enable_system_job_service_default"
184-->[androidx.work:work-runtime:2.7.1] AndroidManifest.xml:50:13-70
185            android:exported="true"
185-->[androidx.work:work-runtime:2.7.1] AndroidManifest.xml:51:13-36
186            android:permission="android.permission.BIND_JOB_SERVICE" />
186-->[androidx.work:work-runtime:2.7.1] AndroidManifest.xml:52:13-69
187        <service
187-->[androidx.work:work-runtime:2.7.1] AndroidManifest.xml:54:9-59:35
188            android:name="androidx.work.impl.foreground.SystemForegroundService"
188-->[androidx.work:work-runtime:2.7.1] AndroidManifest.xml:55:13-81
189            android:directBootAware="false"
189-->[androidx.work:work-runtime:2.7.1] AndroidManifest.xml:56:13-44
190            android:enabled="@bool/enable_system_foreground_service_default"
190-->[androidx.work:work-runtime:2.7.1] AndroidManifest.xml:57:13-77
191            android:exported="false" />
191-->[androidx.work:work-runtime:2.7.1] AndroidManifest.xml:58:13-37
192
193        <receiver
193-->[androidx.work:work-runtime:2.7.1] AndroidManifest.xml:61:9-66:35
194            android:name="androidx.work.impl.utils.ForceStopRunnable$BroadcastReceiver"
194-->[androidx.work:work-runtime:2.7.1] AndroidManifest.xml:62:13-88
195            android:directBootAware="false"
195-->[androidx.work:work-runtime:2.7.1] AndroidManifest.xml:63:13-44
196            android:enabled="true"
196-->[androidx.work:work-runtime:2.7.1] AndroidManifest.xml:64:13-35
197            android:exported="false" />
197-->[androidx.work:work-runtime:2.7.1] AndroidManifest.xml:65:13-37
198        <receiver
198-->[androidx.work:work-runtime:2.7.1] AndroidManifest.xml:67:9-77:20
199            android:name="androidx.work.impl.background.systemalarm.ConstraintProxy$BatteryChargingProxy"
199-->[androidx.work:work-runtime:2.7.1] AndroidManifest.xml:68:13-106
200            android:directBootAware="false"
200-->[androidx.work:work-runtime:2.7.1] AndroidManifest.xml:69:13-44
201            android:enabled="false"
201-->[androidx.work:work-runtime:2.7.1] AndroidManifest.xml:70:13-36
202            android:exported="false" >
202-->[androidx.work:work-runtime:2.7.1] AndroidManifest.xml:71:13-37
203            <intent-filter>
203-->[androidx.work:work-runtime:2.7.1] AndroidManifest.xml:73:13-76:29
204                <action android:name="android.intent.action.ACTION_POWER_CONNECTED" />
204-->[androidx.work:work-runtime:2.7.1] AndroidManifest.xml:74:17-87
204-->[androidx.work:work-runtime:2.7.1] AndroidManifest.xml:74:25-84
205                <action android:name="android.intent.action.ACTION_POWER_DISCONNECTED" />
205-->[androidx.work:work-runtime:2.7.1] AndroidManifest.xml:75:17-90
205-->[androidx.work:work-runtime:2.7.1] AndroidManifest.xml:75:25-87
206            </intent-filter>
207        </receiver>
208        <receiver
208-->[androidx.work:work-runtime:2.7.1] AndroidManifest.xml:78:9-88:20
209            android:name="androidx.work.impl.background.systemalarm.ConstraintProxy$BatteryNotLowProxy"
209-->[androidx.work:work-runtime:2.7.1] AndroidManifest.xml:79:13-104
210            android:directBootAware="false"
210-->[androidx.work:work-runtime:2.7.1] AndroidManifest.xml:80:13-44
211            android:enabled="false"
211-->[androidx.work:work-runtime:2.7.1] AndroidManifest.xml:81:13-36
212            android:exported="false" >
212-->[androidx.work:work-runtime:2.7.1] AndroidManifest.xml:82:13-37
213            <intent-filter>
213-->[androidx.work:work-runtime:2.7.1] AndroidManifest.xml:84:13-87:29
214                <action android:name="android.intent.action.BATTERY_OKAY" />
214-->[androidx.work:work-runtime:2.7.1] AndroidManifest.xml:85:17-77
214-->[androidx.work:work-runtime:2.7.1] AndroidManifest.xml:85:25-74
215                <action android:name="android.intent.action.BATTERY_LOW" />
215-->[androidx.work:work-runtime:2.7.1] AndroidManifest.xml:86:17-76
215-->[androidx.work:work-runtime:2.7.1] AndroidManifest.xml:86:25-73
216            </intent-filter>
217        </receiver>
218        <receiver
218-->[androidx.work:work-runtime:2.7.1] AndroidManifest.xml:89:9-99:20
219            android:name="androidx.work.impl.background.systemalarm.ConstraintProxy$StorageNotLowProxy"
219-->[androidx.work:work-runtime:2.7.1] AndroidManifest.xml:90:13-104
220            android:directBootAware="false"
220-->[androidx.work:work-runtime:2.7.1] AndroidManifest.xml:91:13-44
221            android:enabled="false"
221-->[androidx.work:work-runtime:2.7.1] AndroidManifest.xml:92:13-36
222            android:exported="false" >
222-->[androidx.work:work-runtime:2.7.1] AndroidManifest.xml:93:13-37
223            <intent-filter>
223-->[androidx.work:work-runtime:2.7.1] AndroidManifest.xml:95:13-98:29
224                <action android:name="android.intent.action.DEVICE_STORAGE_LOW" />
224-->[androidx.work:work-runtime:2.7.1] AndroidManifest.xml:96:17-83
224-->[androidx.work:work-runtime:2.7.1] AndroidManifest.xml:96:25-80
225                <action android:name="android.intent.action.DEVICE_STORAGE_OK" />
225-->[androidx.work:work-runtime:2.7.1] AndroidManifest.xml:97:17-82
225-->[androidx.work:work-runtime:2.7.1] AndroidManifest.xml:97:25-79
226            </intent-filter>
227        </receiver>
228        <receiver
228-->[androidx.work:work-runtime:2.7.1] AndroidManifest.xml:100:9-109:20
229            android:name="androidx.work.impl.background.systemalarm.ConstraintProxy$NetworkStateProxy"
229-->[androidx.work:work-runtime:2.7.1] AndroidManifest.xml:101:13-103
230            android:directBootAware="false"
230-->[androidx.work:work-runtime:2.7.1] AndroidManifest.xml:102:13-44
231            android:enabled="false"
231-->[androidx.work:work-runtime:2.7.1] AndroidManifest.xml:103:13-36
232            android:exported="false" >
232-->[androidx.work:work-runtime:2.7.1] AndroidManifest.xml:104:13-37
233            <intent-filter>
233-->[androidx.work:work-runtime:2.7.1] AndroidManifest.xml:106:13-108:29
234                <action android:name="android.net.conn.CONNECTIVITY_CHANGE" />
234-->[androidx.work:work-runtime:2.7.1] AndroidManifest.xml:107:17-79
234-->[androidx.work:work-runtime:2.7.1] AndroidManifest.xml:107:25-76
235            </intent-filter>
236        </receiver>
237        <receiver
237-->[androidx.work:work-runtime:2.7.1] AndroidManifest.xml:110:9-121:20
238            android:name="androidx.work.impl.background.systemalarm.RescheduleReceiver"
238-->[androidx.work:work-runtime:2.7.1] AndroidManifest.xml:111:13-88
239            android:directBootAware="false"
239-->[androidx.work:work-runtime:2.7.1] AndroidManifest.xml:112:13-44
240            android:enabled="false"
240-->[androidx.work:work-runtime:2.7.1] AndroidManifest.xml:113:13-36
241            android:exported="false" >
241-->[androidx.work:work-runtime:2.7.1] AndroidManifest.xml:114:13-37
242            <intent-filter>
242-->[androidx.work:work-runtime:2.7.1] AndroidManifest.xml:116:13-120:29
243                <action android:name="android.intent.action.BOOT_COMPLETED" />
243-->[androidx.work:work-runtime:2.7.1] AndroidManifest.xml:117:17-79
243-->[androidx.work:work-runtime:2.7.1] AndroidManifest.xml:117:25-76
244                <action android:name="android.intent.action.TIME_SET" />
244-->[androidx.work:work-runtime:2.7.1] AndroidManifest.xml:118:17-73
244-->[androidx.work:work-runtime:2.7.1] AndroidManifest.xml:118:25-70
245                <action android:name="android.intent.action.TIMEZONE_CHANGED" />
245-->[androidx.work:work-runtime:2.7.1] AndroidManifest.xml:119:17-81
245-->[androidx.work:work-runtime:2.7.1] AndroidManifest.xml:119:25-78
246            </intent-filter>
247        </receiver>
248        <receiver
248-->[androidx.work:work-runtime:2.7.1] AndroidManifest.xml:122:9-131:20
249            android:name="androidx.work.impl.background.systemalarm.ConstraintProxyUpdateReceiver"
249-->[androidx.work:work-runtime:2.7.1] AndroidManifest.xml:123:13-99
250            android:directBootAware="false"
250-->[androidx.work:work-runtime:2.7.1] AndroidManifest.xml:124:13-44
251            android:enabled="@bool/enable_system_alarm_service_default"
251-->[androidx.work:work-runtime:2.7.1] AndroidManifest.xml:125:13-72
252            android:exported="false" >
252-->[androidx.work:work-runtime:2.7.1] AndroidManifest.xml:126:13-37
253            <intent-filter>
253-->[androidx.work:work-runtime:2.7.1] AndroidManifest.xml:128:13-130:29
254                <action android:name="androidx.work.impl.background.systemalarm.UpdateProxies" />
254-->[androidx.work:work-runtime:2.7.1] AndroidManifest.xml:129:17-98
254-->[androidx.work:work-runtime:2.7.1] AndroidManifest.xml:129:25-95
255            </intent-filter>
256        </receiver>
257        <receiver
257-->[androidx.work:work-runtime:2.7.1] AndroidManifest.xml:132:9-142:20
258            android:name="androidx.work.impl.diagnostics.DiagnosticsReceiver"
258-->[androidx.work:work-runtime:2.7.1] AndroidManifest.xml:133:13-78
259            android:directBootAware="false"
259-->[androidx.work:work-runtime:2.7.1] AndroidManifest.xml:134:13-44
260            android:enabled="true"
260-->[androidx.work:work-runtime:2.7.1] AndroidManifest.xml:135:13-35
261            android:exported="true"
261-->[androidx.work:work-runtime:2.7.1] AndroidManifest.xml:136:13-36
262            android:permission="android.permission.DUMP" >
262-->[androidx.work:work-runtime:2.7.1] AndroidManifest.xml:137:13-57
263            <intent-filter>
263-->[androidx.work:work-runtime:2.7.1] AndroidManifest.xml:139:13-141:29
264                <action android:name="androidx.work.diagnostics.REQUEST_DIAGNOSTICS" />
264-->[androidx.work:work-runtime:2.7.1] AndroidManifest.xml:140:17-88
264-->[androidx.work:work-runtime:2.7.1] AndroidManifest.xml:140:25-85
265            </intent-filter>
266        </receiver>
267
268        <uses-library
268-->[androidx.window:window:1.0.0] AndroidManifest.xml:25:9-27:40
269            android:name="androidx.window.extensions"
269-->[androidx.window:window:1.0.0] AndroidManifest.xml:26:13-54
270            android:required="false" />
270-->[androidx.window:window:1.0.0] AndroidManifest.xml:27:13-37
271        <uses-library
271-->[androidx.window:window:1.0.0] AndroidManifest.xml:28:9-30:40
272            android:name="androidx.window.sidecar"
272-->[androidx.window:window:1.0.0] AndroidManifest.xml:29:13-51
273            android:required="false" />
273-->[androidx.window:window:1.0.0] AndroidManifest.xml:30:13-37
274
275        <receiver
275-->[androidx.profileinstaller:profileinstaller:1.4.0] AndroidManifest.xml:34:9-52:20
276            android:name="androidx.profileinstaller.ProfileInstallReceiver"
276-->[androidx.profileinstaller:profileinstaller:1.4.0] AndroidManifest.xml:35:13-76
277            android:directBootAware="false"
277-->[androidx.profileinstaller:profileinstaller:1.4.0] AndroidManifest.xml:36:13-44
278            android:enabled="true"
278-->[androidx.profileinstaller:profileinstaller:1.4.0] AndroidManifest.xml:37:13-35
279            android:exported="true"
279-->[androidx.profileinstaller:profileinstaller:1.4.0] AndroidManifest.xml:38:13-36
280            android:permission="android.permission.DUMP" >
280-->[androidx.profileinstaller:profileinstaller:1.4.0] AndroidManifest.xml:39:13-57
281            <intent-filter>
281-->[androidx.profileinstaller:profileinstaller:1.4.0] AndroidManifest.xml:40:13-42:29
282                <action android:name="androidx.profileinstaller.action.INSTALL_PROFILE" />
282-->[androidx.profileinstaller:profileinstaller:1.4.0] AndroidManifest.xml:41:17-91
282-->[androidx.profileinstaller:profileinstaller:1.4.0] AndroidManifest.xml:41:25-88
283            </intent-filter>
284            <intent-filter>
284-->[androidx.profileinstaller:profileinstaller:1.4.0] AndroidManifest.xml:43:13-45:29